<?xml version="1.0" encoding="UTF-8"?>
<!-- Generated by org.testng.reporters.JUnitReportReporter -->
<testsuite hostname="OJAS" failures="0" tests="1" name="CoverFox_Test.CoverFox_Testing_SearchResult_for_HealthCare_PoliciesWithTestNg" time="35.016" errors="0" timestamp="2024-01-17T13:21:44 IST" skipped="0">
  <testcase classname="CoverFox_Test.CoverFox_Testing_SearchResult_for_HealthCare_PoliciesWithTestNg" name="validatetestplansfromTextAndBanners" time="35.016">
    <system-out>
      <![CDATA[Tc validatetestplansfromTextAndBanners exicution started
fetching number of details from text
fetching number of details from banner
Tc passed
Taking ScreenShot
Saved Screenshot at D:\Automation_Images\ScreenShots\coverFoxCoverFox_Tc1_2024.01.17.13.21.36.png
Tc validatetestplansfromTextAndBanners exicution Successful]]>
    </system-out>
  </testcase> <!-- validatetestplansfromTextAndBanners -->
  <system-out>
    <![CDATA[Launching Browser
Clicking on gender button
Clicking on Health plan next button
Handling age drop down
Reading Data from Excel sheet
Clicking on member details next button
Entering pin code
Reading Data from Excel sheet
Entering Mobile number
Reading Data from Excel sheet
clicking continue button
Tc validatetestplansfromTextAndBanners exicution started
fetching number of details from text
fetching number of details from banner
Tc passed
Taking ScreenShot
Saved Screenshot at D:\Automation_Images\ScreenShots\coverFoxCoverFox_Tc1_2024.01.17.13.21.36.png
Tc validatetestplansfromTextAndBanners exicution Successful
Closing coverfox Browser]]>
  </system-out>
</testsuite> <!-- CoverFox_Test.CoverFox_Testing_SearchResult_for_HealthCare_PoliciesWithTestNg -->
