<?xml version="1.0" encoding="UTF-8"?>
<!-- Generated by org.testng.reporters.JUnitReportReporter -->
<testsuite hostname="OJAS" failures="0" tests="1" name="CoverFox_Test.ValidatingErrorMessageOnAddressDetailsPage" time="20.008" errors="0" timestamp="2024-01-16T16:11:06 IST" skipped="0">
  <testcase classname="CoverFox_Test.ValidatingErrorMessageOnAddressDetailsPage" name="validateResultvithoutSendingData" time="20.008">
    <system-out>
      <![CDATA[Sending pincode to textBox
Reading Data from Excel sheet
Click continue button
Vaalidating error message displayed or not
Validating expected and actual error message 
Actual Message is Please enter a valid mobile no.]]>
    </system-out>
  </testcase> <!-- validateResultvithoutSendingData -->
  <system-out>
    <![CDATA[Launching Browser
Click Female button
Click On Next button from health plan page
Handlin age drop down from Member details
Reading Data from Excel sheet
Click Next button of age drop down
Sending pincode to textBox
Reading Data from Excel sheet
Click continue button
Vaalidating error message displayed or not
Validating expected and actual error message 
Actual Message is Please enter a valid mobile no.
Closing coverfox Browser]]>
  </system-out>
</testsuite> <!-- CoverFox_Test.ValidatingErrorMessageOnAddressDetailsPage -->
