<?xml version="1.0" encoding="UTF-8"?>
<!-- Generated by org.testng.reporters.JUnitReportReporter -->
<testsuite hostname="OJAS" failures="0" tests="1" name="CoverFox_Test.ScreenShotForFailedTestCase" time="34.648" errors="0" timestamp="2024-01-09T20:24:38 IST" skipped="0">
  <testcase classname="CoverFox_Test.ScreenShotForFailedTestCase" name="validatetestplansfromTextAndBanners" time="34.648">
    <system-out>
      <![CDATA[Tc validatetestplansfromTextAndBanners exicution started
fetching number of details from text
fetching number of details from banner
Verifying Sort Plans Field is dispalyed or not
Tc validatetestplansfromTextAndBanners exicution Successful]]>
    </system-out>
  </testcase> <!-- validatetestplansfromTextAndBanners -->
  <system-out>
    <![CDATA[Launching Browser
Clicking on gender button
Clicking on Health plan next button
Handling age drop down
Reading Data from Excel sheet
Clicking on member details next button
Entering pin code
Reading Data from Excel sheet
Entering Mobile number
Reading Data from Excel sheet
clicking continue button
Tc validatetestplansfromTextAndBanners exicution started
fetching number of details from text
fetching number of details from banner
Tc passed
Taking ScreenShot
Saved Screenshot at D:\Automation_Images\ScreenShots\coverFoxCoverFox_Tc1_2024.01.09.20.23.23.png
Tc validatetestplansfromTextAndBanners exicution Successful
Closing coverfox Browser
Launching Browser
Click Female button
Click On Next button from health plan page
Handlin age drop down from Member details
Reading Data from Excel sheet
Click Next button of age drop down
Tc validateResultvithoutSendingData exicution started
Sending pincode to textBox
Reading Data from Excel sheet
Click continue button
Vaalidating error message displayed or not
Validating expected and actual error message 
Actual Message is Please enter a valid mobile no.
Tc validateResultvithoutSendingData exicution Successful
Closing coverfox Browser
Launching Browser
Clicking on gender button
Clicking on Health plan next button
Handling age drop down
Reading Data from Excel sheet
Clicking on member details next button
Entering pin code
Reading Data from Excel sheet
Entering Mobile number
Reading Data from Excel sheet
clicking continue button
Tc validatetestplansfromTextAndBanners exicution started
fetching number of details from text
fetching number of details from banner
Verifying Sort Plans Field is dispalyed or not
Tc validatetestplansfromTextAndBanners exicution Successful
Closing coverfox Browser]]>
  </system-out>
</testsuite> <!-- CoverFox_Test.ScreenShotForFailedTestCase -->
