<?xml version="1.0" encoding="UTF-8"?>
<!-- Generated by org.testng.reporters.JUnitReportReporter -->
<testsuite hostname="OJAS" failures="0" tests="1" name="CoverFox_Test.ScreenShotForFailedTestCase" time="35.159" errors="0" timestamp="2024-01-10T17:09:28 IST" skipped="0">
  <testcase classname="CoverFox_Test.ScreenShotForFailedTestCase" name="validatetestplansfromTextAndBanners" time="35.159"/>
  <system-out>
    <![CDATA[Tc validatetestplansfromTextAndBanners exicution started
fetching number of details from text
fetching number of details from banner
Verifying Sort Plans Field is dispalyed or not
Tc validatetestplansfromTextAndBanners exicution Successful]]>
  </system-out>
</testsuite> <!-- CoverFox_Test.ScreenShotForFailedTestCase -->
