<?xml version="1.0" encoding="UTF-8"?>
<!-- Generated by org.testng.reporters.JUnitReportReporter -->
<testsuite hostname="OJAS" failures="0" tests="1" name="CoverFox_Test.CoverFox_Testing_SearchResult_for_HealthCare_PoliciesWithTestNg" time="37.022" errors="0" timestamp="2024-01-10T17:09:28 IST" skipped="0">
  <testcase classname="CoverFox_Test.CoverFox_Testing_SearchResult_for_HealthCare_PoliciesWithTestNg" name="validatetestplansfromTextAndBanners" time="37.022"/>
  <system-out>
    <![CDATA[Tc validatetestplansfromTextAndBanners exicution started
fetching number of details from text
fetching number of details from banner
Tc passed
Taking ScreenShot
Saved Screenshot at D:\Automation_Images\ScreenShots\coverFoxCoverFox_Tc1_2024.01.10.17.08.02.png
Tc validatetestplansfromTextAndBanners exicution Successful]]>
  </system-out>
</testsuite> <!-- CoverFox_Test.CoverFox_Testing_SearchResult_for_HealthCare_PoliciesWithTestNg -->
