<?xml version="1.0" encoding="UTF-8"?>
<!-- Generated by org.testng.reporters.JUnitReportReporter -->
<testsuite hostname="OJAS" failures="0" tests="1" name="CoverFox_Test.ValidatingErrorMessageOnAddressDetailsPage" time="18.976" errors="0" timestamp="2024-01-17T23:46:55 IST" skipped="0">
  <testcase classname="CoverFox_Test.ValidatingErrorMessageOnAddressDetailsPage" name="validateResultvithoutSendingData" time="18.976"/>
  <system-out>
    <![CDATA[Sending pincode to textBox
Reading Data from Excel sheet
Click continue button
Vaalidating error message displayed or not
Validating expected and actual error message 
Actual Message is Please enter a valid mobile no.]]>
  </system-out>
</testsuite> <!-- CoverFox_Test.ValidatingErrorMessageOnAddressDetailsPage -->
